<?xml version="1.0" encoding="utf-8"?><testsuites><testsuite name="pytest" errors="0" failures="0" skipped="0" tests="0" time="0.024" timestamp="2025-05-26T16:32:52.936434-04:00" hostname="Lenovo" /></testsuites>